<?xml version="1.0" encoding="UTF-8"?>
<testsuite name="com.jojoldu.book.springboot.HelloControllerTest" tests="2" skipped="0" failures="0" errors="0" timestamp="2022-03-17T09:21:43" hostname="DESKTOP-KTFNI97" time="0.126">
  <properties/>
  <testcase name="hello가_리턴된다" classname="com.jojoldu.book.springboot.HelloControllerTest" time="0.037"/>
  <testcase name="helloDto가_리턴된다" classname="com.jojoldu.book.springboot.HelloControllerTest" time="0.089"/>
  <system-out><![CDATA[2022-03-17 18:21:42.522  INFO 10680 --- [    Test worker] .b.t.a.w.s.WebMvcTestContextBootstrapper : Neither @ContextConfiguration nor @ContextHierarchy found for test class [com.jojoldu.book.springboot.HelloControllerTest], using SpringBootContextLoader
2022-03-17 18:21:42.523  INFO 10680 --- [    Test worker] o.s.t.c.support.AbstractContextLoader    : Could not detect default resource locations for test class [com.jojoldu.book.springboot.HelloControllerTest]: no resource found for suffixes {-context.xml, Context.groovy}.
2022-03-17 18:21:42.524  INFO 10680 --- [    Test worker] t.c.s.AnnotationConfigContextLoaderUtils : Could not detect default configuration classes for test class [com.jojoldu.book.springboot.HelloControllerTest]: HelloControllerTest does not declare any static, non-private, non-final, nested classes annotated with @Configuration.
2022-03-17 18:21:42.552  INFO 10680 --- [    Test worker] .b.t.c.SpringBootTestContextBootstrapper : Found @SpringBootConfiguration com.jojoldu.book.springboot.Application for test class com.jojoldu.book.springboot.HelloControllerTest
2022-03-17 18:21:42.552  INFO 10680 --- [    Test worker] .b.t.a.w.s.WebMvcTestContextBootstrapper : Loaded default TestExecutionListener class names from location [META-INF/spring.factories]: [org.springframework.security.test.context.support.WithSecurityContextTestExecutionListener, org.springframework.security.test.context.support.ReactorContextTestExecutionListener, org.springframework.boot.test.autoconfigure.restdocs.RestDocsTestExecutionListener, org.springframework.boot.test.autoconfigure.web.client.MockRestServiceServerResetTestExecutionListener, org.springframework.boot.test.autoconfigure.web.servlet.MockMvcPrintOnlyOnFailureTestExecutionListener, org.springframework.boot.test.autoconfigure.web.servlet.WebDriverTestExecutionListener, org.springframework.boot.test.mock.mockito.MockitoTestExecutionListener, org.springframework.boot.test.mock.mockito.ResetMocksTestExecutionListener, org.springframework.test.context.web.ServletTestExecutionListener, org.springframework.test.context.support.DirtiesContextBeforeModesTestExecutionListener, org.springframework.test.context.support.DependencyInjectionTestExecutionListener, org.springframework.test.context.support.DirtiesContextTestExecutionListener, org.springframework.test.context.transaction.TransactionalTestExecutionListener, org.springframework.test.context.jdbc.SqlScriptsTestExecutionListener]
2022-03-17 18:21:42.553  INFO 10680 --- [    Test worker] .b.t.a.w.s.WebMvcTestContextBootstrapper : Using TestExecutionListeners: [org.springframework.test.context.web.ServletTestExecutionListener@5a7252d3, org.springframework.test.context.support.DirtiesContextBeforeModesTestExecutionListener@480b511e, org.springframework.boot.test.mock.mockito.MockitoTestExecutionListener@4781436f, org.springframework.boot.test.autoconfigure.SpringBootDependencyInjectionTestExecutionListener@30159ed7, org.springframework.test.context.support.DirtiesContextTestExecutionListener@7839b6cc, org.springframework.test.context.transaction.TransactionalTestExecutionListener@6a288b74, org.springframework.test.context.jdbc.SqlScriptsTestExecutionListener@27ff2765, org.springframework.security.test.context.support.WithSecurityContextTestExecutionListener@3b80e66b, org.springframework.security.test.context.support.ReactorContextTestExecutionListener@e3aa801, org.springframework.boot.test.autoconfigure.restdocs.RestDocsTestExecutionListener@2067e199, org.springframework.boot.test.autoconfigure.web.client.MockRestServiceServerResetTestExecutionListener@7e7d3eff, org.springframework.boot.test.autoconfigure.web.servlet.MockMvcPrintOnlyOnFailureTestExecutionListener@42723ce5, org.springframework.boot.test.autoconfigure.web.servlet.WebDriverTestExecutionListener@1953fe0a, org.springframework.boot.test.mock.mockito.ResetMocksTestExecutionListener@6a7af90]

  .   ____          _            __ _ _
 /\\ / ___'_ __ _ _(_)_ __  __ _ \ \ \ \
( ( )\___ | '_ | '_| | '_ \/ _` | \ \ \ \
 \\/  ___)| |_)| | | | | || (_| |  ) ) ) )
  '  |____| .__|_| |_|_| |_\__, | / / / /
 =========|_|==============|___/=/_/_/_/
 :: Spring Boot ::        (v2.1.9.RELEASE)

2022-03-17 18:21:42.647  INFO 10680 --- [    Test worker] c.j.book.springboot.HelloControllerTest  : Starting HelloControllerTest on DESKTOP-KTFNI97 with PID 10680 (started by tjddn in C:\Project\Boot\freelec-springboot2-webservice)
2022-03-17 18:21:42.647  INFO 10680 --- [    Test worker] c.j.book.springboot.HelloControllerTest  : The following profiles are active: oauth
2022-03-17 18:21:43.464  INFO 10680 --- [    Test worker] o.s.s.concurrent.ThreadPoolTaskExecutor  : Initializing ExecutorService 'applicationTaskExecutor'
2022-03-17 18:21:43.498  INFO 10680 --- [    Test worker] o.s.b.a.w.s.WelcomePageHandlerMapping    : Adding welcome page template: index
2022-03-17 18:21:43.725  INFO 10680 --- [    Test worker] .s.s.UserDetailsServiceAutoConfiguration : 

Using generated security password: 5c655ef2-cc00-448d-9ab3-2bee790ef4db

2022-03-17 18:21:43.887  INFO 10680 --- [    Test worker] o.s.s.web.DefaultSecurityFilterChain     : Creating filter chain: any request, [org.springframework.security.web.context.request.async.WebAsyncManagerIntegrationFilter@7d92efb7, org.springframework.security.web.context.SecurityContextPersistenceFilter@b7964e1, org.springframework.security.web.header.HeaderWriterFilter@296ab13d, org.springframework.security.web.csrf.CsrfFilter@1ae04b35, org.springframework.security.web.authentication.logout.LogoutFilter@1103054a, org.springframework.security.web.authentication.UsernamePasswordAuthenticationFilter@17dea05, org.springframework.security.web.authentication.ui.DefaultLoginPageGeneratingFilter@4d7a024f, org.springframework.security.web.authentication.ui.DefaultLogoutPageGeneratingFilter@28e37f72, org.springframework.security.web.authentication.www.BasicAuthenticationFilter@6a05dade, org.springframework.security.web.savedrequest.RequestCacheAwareFilter@5f3654a0, org.springframework.security.web.servletapi.SecurityContextHolderAwareRequestFilter@23a9f522, org.springframework.security.web.authentication.AnonymousAuthenticationFilter@6cf4839a, org.springframework.security.web.session.SessionManagementFilter@314beec6, org.springframework.security.web.access.ExceptionTranslationFilter@28cf8a84, org.springframework.security.web.access.intercept.FilterSecurityInterceptor@3f89fe7b]
2022-03-17 18:21:43.908  INFO 10680 --- [    Test worker] o.s.b.t.m.w.SpringBootMockServletContext : Initializing Spring TestDispatcherServlet ''
2022-03-17 18:21:43.909  INFO 10680 --- [    Test worker] o.s.t.web.servlet.TestDispatcherServlet  : Initializing Servlet ''
2022-03-17 18:21:43.918  INFO 10680 --- [    Test worker] o.s.t.web.servlet.TestDispatcherServlet  : Completed initialization in 9 ms
2022-03-17 18:21:43.948  INFO 10680 --- [    Test worker] c.j.book.springboot.HelloControllerTest  : Started HelloControllerTest in 1.392 seconds (JVM running for 16.878)
]]></system-out>
  <system-err><![CDATA[]]></system-err>
</testsuite>
